# JRE version: Java(TM) SE Runtime Environment (17.0.3.1+2) (build 17.0.3.1+2-LTS-6)
# Java VM: Java HotSpot(TM) 64-Bit Server VM (17.0.3.1+2-LTS-6, mixed mode, sharing, tiered, compressed oops, compressed class ptrs, g1 gc, windows-amd64)
GC Precious Log:
 CPUs: 8 total, 8 available
 Memory: 3638M
 Large Page Support: Disabled
 NUMA Support: Disabled
 Compressed Oops: Enabled (32-bit)
 Heap Region Size: 1M
 Heap Min Capacity: 8M
 Heap Initial Capacity: 58M
 Heap Max Capacity: 910M
 Pre-touch: Disabled
 Parallel Workers: 8
 Concurrent Workers: 2
 Concurrent Refinement Workers: 8
 Periodic GC: Disabled
Heap:
 garbage-first heap   total 169984K, used 73281K [0x00000000c7200000, 0x0000000100000000)
  region size 1024K, 38 young (38912K), 8 survivors (8192K)
 Metaspace       used 60780K, committed 61184K, reserved 1105920K
  class space    used 7873K, committed 8064K, reserved 1048576K
GC Heap History (20 events):
Event: 17.488 GC heap before
{Heap before GC invocations=12 (full 0):
 garbage-first heap   total 61440K, used 47039K [0x00000000c7200000, 0x0000000100000000)
  region size 1024K, 28 young (28672K), 4 survivors (4096K)
 Metaspace       used 47770K, committed 48128K, reserved 1097728K
  class space    used 6299K, committed 6464K, reserved 1048576K
}
Event: 17.494 GC heap after
{Heap after GC invocations=13 (full 0):
 garbage-first heap   total 61440K, used 23838K [0x00000000c7200000, 0x0000000100000000)
  region size 1024K, 2 young (2048K), 2 survivors (2048K)
 Metaspace       used 47770K, committed 48128K, reserved 1097728K
  class space    used 6299K, committed 6464K, reserved 1048576K
}
Event: 17.985 GC heap before
{Heap before GC invocations=13 (full 0):
 garbage-first heap   total 61440K, used 47390K [0x00000000c7200000, 0x0000000100000000)
  region size 1024K, 25 young (25600K), 2 survivors (2048K)
 Metaspace       used 48663K, committed 49024K, reserved 1097728K
  class space    used 6388K, committed 6592K, reserved 1048576K
}
Event: 17.989 GC heap after
{Heap after GC invocations=14 (full 0):
 garbage-first heap   total 61440K, used 24947K [0x00000000c7200000, 0x0000000100000000)
  region size 1024K, 3 young (3072K), 3 survivors (3072K)
 Metaspace       used 48663K, committed 49024K, reserved 1097728K
  class space    used 6388K, committed 6592K, reserved 1048576K
}
Event: 18.736 GC heap before
{Heap before GC invocations=14 (full 0):
 garbage-first heap   total 61440K, used 47475K [0x00000000c7200000, 0x0000000100000000)
  region size 1024K, 26 young (26624K), 3 survivors (3072K)
 Metaspace       used 52931K, committed 53248K, reserved 1097728K
  class space    used 6941K, committed 7104K, reserved 1048576K
}
Event: 18.741 GC heap after
{Heap after GC invocations=15 (full 0):
 garbage-first heap   total 61440K, used 26336K [0x00000000c7200000, 0x0000000100000000)
  region size 1024K, 3 young (3072K), 3 survivors (3072K)
 Metaspace       used 52931K, committed 53248K, reserved 1097728K
  class space    used 6941K, committed 7104K, reserved 1048576K
}
Event: 19.036 GC heap before
{Heap before GC invocations=15 (full 0):
 garbage-first heap   total 61440K, used 48864K [0x00000000c7200000, 0x0000000100000000)
  region size 1024K, 25 young (25600K), 3 survivors (3072K)
 Metaspace       used 53396K, committed 53760K, reserved 1097728K
  class space    used 6980K, committed 7168K, reserved 1048576K
}
Event: 19.041 GC heap after
{Heap after GC invocations=16 (full 0):
 garbage-first heap   total 61440K, used 27234K [0x00000000c7200000, 0x0000000100000000)
  region size 1024K, 3 young (3072K), 3 survivors (3072K)
 Metaspace       used 53396K, committed 53760K, reserved 1097728K
  class space    used 6980K, committed 7168K, reserved 1048576K
}
Event: 19.313 GC heap before
{Heap before GC invocations=16 (full 0):
 garbage-first heap   total 61440K, used 49762K [0x00000000c7200000, 0x0000000100000000)
  region size 1024K, 25 young (25600K), 3 survivors (3072K)
 Metaspace       used 53643K, committed 53952K, reserved 1097728K
  class space    used 7009K, committed 7168K, reserved 1048576K
}
Event: 19.318 GC heap after
{Heap after GC invocations=17 (full 0):
 garbage-first heap   total 61440K, used 28139K [0x00000000c7200000, 0x0000000100000000)
  region size 1024K, 2 young (2048K), 2 survivors (2048K)
 Metaspace       used 53643K, committed 53952K, reserved 1097728K
  class space    used 7009K, committed 7168K, reserved 1048576K
}
Event: 19.688 GC heap before
{Heap before GC invocations=17 (full 0):
 garbage-first heap   total 61440K, used 49643K [0x00000000c7200000, 0x0000000100000000)
  region size 1024K, 23 young (23552K), 2 survivors (2048K)
 Metaspace       used 54786K, committed 55232K, reserved 1097728K
  class space    used 7158K, committed 7360K, reserved 1048576K
}
Event: 19.692 GC heap after
{Heap after GC invocations=18 (full 0):
 garbage-first heap   total 61440K, used 29275K [0x00000000c7200000, 0x0000000100000000)
  region size 1024K, 3 young (3072K), 3 survivors (3072K)
 Metaspace       used 54786K, committed 55232K, reserved 1097728K
  class space    used 7158K, committed 7360K, reserved 1048576K
}
Event: 20.109 GC heap before
{Heap before GC invocations=18 (full 0):
 garbage-first heap   total 61440K, used 48731K [0x00000000c7200000, 0x0000000100000000)
  region size 1024K, 22 young (22528K), 3 survivors (3072K)
 Metaspace       used 56451K, committed 56896K, reserved 1105920K
  class space    used 7346K, committed 7552K, reserved 1048576K
}
Event: 20.115 GC heap after
{Heap after GC invocations=19 (full 0):
 garbage-first heap   total 61440K, used 30394K [0x00000000c7200000, 0x0000000100000000)
  region size 1024K, 3 young (3072K), 3 survivors (3072K)
 Metaspace       used 56451K, committed 56896K, reserved 1105920K
  class space    used 7346K, committed 7552K, reserved 1048576K
}
Event: 20.327 GC heap before
{Heap before GC invocations=20 (full 0):
 garbage-first heap   total 76800K, used 50874K [0x00000000c7200000, 0x0000000100000000)
  region size 1024K, 22 young (22528K), 3 survivors (3072K)
 Metaspace       used 56613K, committed 57024K, reserved 1105920K
  class space    used 7357K, committed 7552K, reserved 1048576K
}
Event: 20.345 GC heap after
{Heap after GC invocations=21 (full 0):
 garbage-first heap   total 76800K, used 34418K [0x00000000c7200000, 0x0000000100000000)
  region size 1024K, 3 young (3072K), 3 survivors (3072K)
 Metaspace       used 56613K, committed 57024K, reserved 1105920K
  class space    used 7357K, committed 7552K, reserved 1048576K
}
Event: 20.922 GC heap before
{Heap before GC invocations=21 (full 0):
 garbage-first heap   total 76800K, used 57970K [0x00000000c7200000, 0x0000000100000000)
  region size 1024K, 27 young (27648K), 3 survivors (3072K)
 Metaspace       used 57140K, committed 57536K, reserved 1105920K
  class space    used 7456K, committed 7616K, reserved 1048576K
}
Event: 20.946 GC heap after
{Heap after GC invocations=22 (full 0):
 garbage-first heap   total 169984K, used 39571K [0x00000000c7200000, 0x0000000100000000)
  region size 1024K, 4 young (4096K), 4 survivors (4096K)
 Metaspace       used 57140K, committed 57536K, reserved 1105920K
  class space    used 7456K, committed 7616K, reserved 1048576K
}
Event: 22.663 GC heap before
{Heap before GC invocations=22 (full 0):
 garbage-first heap   total 169984K, used 122515K [0x00000000c7200000, 0x0000000100000000)
  region size 1024K, 85 young (87040K), 4 survivors (4096K)
 Metaspace       used 59039K, committed 59456K, reserved 1105920K
  class space    used 7678K, committed 7872K, reserved 1048576K
}
Event: 22.706 GC heap after
{Heap after GC invocations=23 (full 0):
 garbage-first heap   total 169984K, used 43585K [0x00000000c7200000, 0x0000000100000000)
  region size 1024K, 8 young (8192K), 8 survivors (8192K)
 Metaspace       used 59039K, committed 59456K, reserved 1105920K
  class space    used 7678K, committed 7872K, reserved 1048576K
}

