# JRE version: Java(TM) SE Runtime Environment (17.0.3.1+2) (build 17.0.3.1+2-LTS-6)
# Java VM: Java HotSpot(TM) 64-Bit Server VM (17.0.3.1+2-LTS-6, mixed mode, sharing, tiered, compressed oops, compressed class ptrs, g1 gc, windows-amd64)
GC Precious Log:
 CPUs: 8 total, 8 available
 Memory: 3638M
 Large Page Support: Disabled
 NUMA Support: Disabled
 Compressed Oops: Enabled (32-bit)
 Heap Region Size: 1M
 Heap Min Capacity: 8M
 Heap Initial Capacity: 58M
 Heap Max Capacity: 910M
 Pre-touch: Disabled
 Parallel Workers: 8
 Concurrent Workers: 2
 Concurrent Refinement Workers: 8
 Periodic GC: Disabled
Heap:
 garbage-first heap   total 66560K, used 35412K [0x00000000c7200000, 0x0000000100000000)
  region size 1024K, 4 young (4096K), 1 survivors (1024K)
 Metaspace       used 58275K, committed 58752K, reserved 1105920K
  class space    used 7644K, committed 7872K, reserved 1048576K
GC Heap History (20 events):
Event: 22.662 GC heap before
{Heap before GC invocations=14 (full 0):
 garbage-first heap   total 51200K, used 39539K [0x00000000c7200000, 0x0000000100000000)
  region size 1024K, 19 young (19456K), 3 survivors (3072K)
 Metaspace       used 49563K, committed 49920K, reserved 1097728K
  class space    used 6599K, committed 6784K, reserved 1048576K
}
Event: 22.667 GC heap after
{Heap after GC invocations=15 (full 0):
 garbage-first heap   total 51200K, used 23897K [0x00000000c7200000, 0x0000000100000000)
  region size 1024K, 2 young (2048K), 2 survivors (2048K)
 Metaspace       used 49563K, committed 49920K, reserved 1097728K
  class space    used 6599K, committed 6784K, reserved 1048576K
}
Event: 24.171 GC heap before
{Heap before GC invocations=15 (full 0):
 garbage-first heap   total 51200K, used 39257K [0x00000000c7200000, 0x0000000100000000)
  region size 1024K, 18 young (18432K), 2 survivors (2048K)
 Metaspace       used 52289K, committed 52672K, reserved 1097728K
  class space    used 6923K, committed 7104K, reserved 1048576K
}
Event: 24.181 GC heap after
{Heap after GC invocations=16 (full 0):
 garbage-first heap   total 51200K, used 25472K [0x00000000c7200000, 0x0000000100000000)
  region size 1024K, 3 young (3072K), 3 survivors (3072K)
 Metaspace       used 52289K, committed 52672K, reserved 1097728K
  class space    used 6923K, committed 7104K, reserved 1048576K
}
Event: 24.533 GC heap before
{Heap before GC invocations=17 (full 0):
 garbage-first heap   total 51200K, used 27520K [0x00000000c7200000, 0x0000000100000000)
  region size 1024K, 7 young (7168K), 3 survivors (3072K)
 Metaspace       used 52391K, committed 52736K, reserved 1097728K
  class space    used 6944K, committed 7104K, reserved 1048576K
}
Event: 24.541 GC heap after
{Heap after GC invocations=18 (full 0):
 garbage-first heap   total 51200K, used 26320K [0x00000000c7200000, 0x0000000100000000)
  region size 1024K, 3 young (3072K), 3 survivors (3072K)
 Metaspace       used 52391K, committed 52736K, reserved 1097728K
  class space    used 6944K, committed 7104K, reserved 1048576K
}
Event: 24.733 GC heap before
{Heap before GC invocations=19 (full 0):
 garbage-first heap   total 58368K, used 40656K [0x00000000c7200000, 0x0000000100000000)
  region size 1024K, 16 young (16384K), 3 survivors (3072K)
 Metaspace       used 52436K, committed 52864K, reserved 1097728K
  class space    used 6946K, committed 7168K, reserved 1048576K
}
Event: 24.740 GC heap after
{Heap after GC invocations=20 (full 0):
 garbage-first heap   total 58368K, used 29629K [0x00000000c7200000, 0x0000000100000000)
  region size 1024K, 2 young (2048K), 2 survivors (2048K)
 Metaspace       used 52436K, committed 52864K, reserved 1097728K
  class space    used 6946K, committed 7168K, reserved 1048576K
}
Event: 24.929 GC heap before
{Heap before GC invocations=20 (full 0):
 garbage-first heap   total 58368K, used 43965K [0x00000000c7200000, 0x0000000100000000)
  region size 1024K, 17 young (17408K), 2 survivors (2048K)
 Metaspace       used 52453K, committed 52864K, reserved 1097728K
  class space    used 6949K, committed 7168K, reserved 1048576K
}
Event: 24.936 GC heap after
{Heap after GC invocations=21 (full 0):
 garbage-first heap   total 58368K, used 32922K [0x00000000c7200000, 0x0000000100000000)
  region size 1024K, 3 young (3072K), 3 survivors (3072K)
 Metaspace       used 52453K, committed 52864K, reserved 1097728K
  class space    used 6949K, committed 7168K, reserved 1048576K
}
Event: 25.873 GC heap before
{Heap before GC invocations=22 (full 0):
 garbage-first heap   total 63488K, used 43162K [0x00000000c7200000, 0x0000000100000000)
  region size 1024K, 13 young (13312K), 3 survivors (3072K)
 Metaspace       used 53689K, committed 54080K, reserved 1097728K
  class space    used 7104K, committed 7296K, reserved 1048576K
}
Event: 25.880 GC heap after
{Heap after GC invocations=23 (full 0):
 garbage-first heap   total 63488K, used 35346K [0x00000000c7200000, 0x0000000100000000)
  region size 1024K, 2 young (2048K), 2 survivors (2048K)
 Metaspace       used 53689K, committed 54080K, reserved 1097728K
  class space    used 7104K, committed 7296K, reserved 1048576K
}
Event: 190.058 GC heap before
{Heap before GC invocations=23 (full 0):
 garbage-first heap   total 63488K, used 46610K [0x00000000c7200000, 0x0000000100000000)
  region size 1024K, 13 young (13312K), 2 survivors (2048K)
 Metaspace       used 55630K, committed 56000K, reserved 1097728K
  class space    used 7342K, committed 7552K, reserved 1048576K
}
Event: 190.208 GC heap after
{Heap after GC invocations=24 (full 0):
 garbage-first heap   total 63488K, used 36927K [0x00000000c7200000, 0x0000000100000000)
  region size 1024K, 2 young (2048K), 2 survivors (2048K)
 Metaspace       used 55630K, committed 56000K, reserved 1097728K
  class space    used 7342K, committed 7552K, reserved 1048576K
}
Event: 193.280 GC heap before
{Heap before GC invocations=25 (full 0):
 garbage-first heap   total 66560K, used 46143K [0x00000000c7200000, 0x0000000100000000)
  region size 1024K, 12 young (12288K), 2 survivors (2048K)
 Metaspace       used 57943K, committed 58432K, reserved 1105920K
  class space    used 7628K, committed 7872K, reserved 1048576K
}
Event: 193.302 GC heap after
{Heap after GC invocations=26 (full 0):
 garbage-first heap   total 66560K, used 38322K [0x00000000c7200000, 0x0000000100000000)
  region size 1024K, 2 young (2048K), 2 survivors (2048K)
 Metaspace       used 57943K, committed 58432K, reserved 1105920K
  class space    used 7628K, committed 7872K, reserved 1048576K
}
Event: 193.553 GC heap before
{Heap before GC invocations=26 (full 0):
 garbage-first heap   total 66560K, used 39346K [0x00000000c7200000, 0x0000000100000000)
  region size 1024K, 3 young (3072K), 2 survivors (2048K)
 Metaspace       used 57956K, committed 58496K, reserved 1105920K
  class space    used 7630K, committed 7872K, reserved 1048576K
}
Event: 193.585 GC heap after
{Heap after GC invocations=27 (full 0):
 garbage-first heap   total 66560K, used 34040K [0x00000000c7200000, 0x0000000100000000)
  region size 1024K, 1 young (1024K), 1 survivors (1024K)
 Metaspace       used 57956K, committed 58496K, reserved 1105920K
  class space    used 7630K, committed 7872K, reserved 1048576K
}
Event: 193.608 GC heap before
{Heap before GC invocations=27 (full 0):
 garbage-first heap   total 66560K, used 35064K [0x00000000c7200000, 0x0000000100000000)
  region size 1024K, 3 young (3072K), 1 survivors (1024K)
 Metaspace       used 57977K, committed 58496K, reserved 1105920K
  class space    used 7633K, committed 7872K, reserved 1048576K
}
Event: 193.614 GC heap after
{Heap after GC invocations=28 (full 0):
 garbage-first heap   total 66560K, used 33364K [0x00000000c7200000, 0x0000000100000000)
  region size 1024K, 1 young (1024K), 1 survivors (1024K)
 Metaspace       used 57977K, committed 58496K, reserved 1105920K
  class space    used 7633K, committed 7872K, reserved 1048576K
}

