# JRE version: Java(TM) SE Runtime Environment (17.0.3.1+2) (build 17.0.3.1+2-LTS-6)
# Java VM: Java HotSpot(TM) 64-Bit Server VM (17.0.3.1+2-LTS-6, mixed mode, sharing, tiered, compressed oops, compressed class ptrs, g1 gc, windows-amd64)
GC Precious Log:
 CPUs: 8 total, 8 available
 Memory: 3638M
 Large Page Support: Disabled
 NUMA Support: Disabled
 Compressed Oops: Enabled (32-bit)
 Heap Region Size: 1M
 Heap Min Capacity: 8M
 Heap Initial Capacity: 58M
 Heap Max Capacity: 910M
 Pre-touch: Disabled
 Parallel Workers: 8
 Concurrent Workers: 2
 Concurrent Refinement Workers: 8
 Periodic GC: Disabled
Heap:
 garbage-first heap   total 110592K, used 64650K [0x00000000c7200000, 0x0000000100000000)
  region size 1024K, 25 young (25600K), 2 survivors (2048K)
 Metaspace       used 75110K, committed 75648K, reserved 1122304K
  class space    used 9812K, committed 10112K, reserved 1048576K
GC Heap History (20 events):
Event: 27.906 GC heap before
{Heap before GC invocations=24 (full 0):
 garbage-first heap   total 66560K, used 53708K [0x00000000c7200000, 0x0000000100000000)
  region size 1024K, 22 young (22528K), 3 survivors (3072K)
 Metaspace       used 66684K, committed 67072K, reserved 1114112K
  class space    used 8811K, committed 8960K, reserved 1048576K
}
Event: 27.915 GC heap after
{Heap after GC invocations=25 (full 0):
 garbage-first heap   total 66560K, used 35317K [0x00000000c7200000, 0x0000000100000000)
  region size 1024K, 3 young (3072K), 3 survivors (3072K)
 Metaspace       used 66684K, committed 67072K, reserved 1114112K
  class space    used 8811K, committed 8960K, reserved 1048576K
}
Event: 28.192 GC heap before
{Heap before GC invocations=26 (full 0):
 garbage-first heap   total 66560K, used 41461K [0x00000000c7200000, 0x0000000100000000)
  region size 1024K, 10 young (10240K), 3 survivors (3072K)
 Metaspace       used 67450K, committed 67968K, reserved 1114112K
  class space    used 8887K, committed 9152K, reserved 1048576K
}
Event: 28.207 GC heap after
{Heap after GC invocations=27 (full 0):
 garbage-first heap   total 66560K, used 36330K [0x00000000c7200000, 0x0000000100000000)
  region size 1024K, 3 young (3072K), 3 survivors (3072K)
 Metaspace       used 67450K, committed 67968K, reserved 1114112K
  class space    used 8887K, committed 9152K, reserved 1048576K
}
Event: 28.378 GC heap before
{Heap before GC invocations=27 (full 0):
 garbage-first heap   total 89088K, used 53738K [0x00000000c7200000, 0x0000000100000000)
  region size 1024K, 20 young (20480K), 3 survivors (3072K)
 Metaspace       used 67537K, committed 68032K, reserved 1114112K
  class space    used 8891K, committed 9152K, reserved 1048576K
}
Event: 28.399 GC heap after
{Heap after GC invocations=28 (full 0):
 garbage-first heap   total 89088K, used 39436K [0x00000000c7200000, 0x0000000100000000)
  region size 1024K, 3 young (3072K), 3 survivors (3072K)
 Metaspace       used 67537K, committed 68032K, reserved 1114112K
  class space    used 8891K, committed 9152K, reserved 1048576K
}
Event: 28.910 GC heap before
{Heap before GC invocations=29 (full 0):
 garbage-first heap   total 89088K, used 70156K [0x00000000c7200000, 0x0000000100000000)
  region size 1024K, 33 young (33792K), 3 survivors (3072K)
 Metaspace       used 68311K, committed 68800K, reserved 1114112K
  class space    used 8991K, committed 9216K, reserved 1048576K
}
Event: 28.922 GC heap after
{Heap after GC invocations=30 (full 0):
 garbage-first heap   total 89088K, used 46089K [0x00000000c7200000, 0x0000000100000000)
  region size 1024K, 5 young (5120K), 5 survivors (5120K)
 Metaspace       used 68311K, committed 68800K, reserved 1114112K
  class space    used 8991K, committed 9216K, reserved 1048576K
}
Event: 29.398 GC heap before
{Heap before GC invocations=30 (full 0):
 garbage-first heap   total 89088K, used 68617K [0x00000000c7200000, 0x0000000100000000)
  region size 1024K, 27 young (27648K), 5 survivors (5120K)
 Metaspace       used 68727K, committed 69184K, reserved 1114112K
  class space    used 9045K, committed 9280K, reserved 1048576K
}
Event: 29.406 GC heap after
{Heap after GC invocations=31 (full 0):
 garbage-first heap   total 89088K, used 47515K [0x00000000c7200000, 0x0000000100000000)
  region size 1024K, 2 young (2048K), 2 survivors (2048K)
 Metaspace       used 68727K, committed 69184K, reserved 1114112K
  class space    used 9045K, committed 9280K, reserved 1048576K
}
Event: 29.893 GC heap before
{Heap before GC invocations=32 (full 0):
 garbage-first heap   total 89088K, used 70043K [0x00000000c7200000, 0x0000000100000000)
  region size 1024K, 24 young (24576K), 2 survivors (2048K)
 Metaspace       used 69257K, committed 69696K, reserved 1114112K
  class space    used 9110K, committed 9344K, reserved 1048576K
}
Event: 29.897 GC heap after
{Heap after GC invocations=33 (full 0):
 garbage-first heap   total 89088K, used 48036K [0x00000000c7200000, 0x0000000100000000)
  region size 1024K, 2 young (2048K), 2 survivors (2048K)
 Metaspace       used 69257K, committed 69696K, reserved 1114112K
  class space    used 9110K, committed 9344K, reserved 1048576K
}
Event: 30.324 GC heap before
{Heap before GC invocations=33 (full 0):
 garbage-first heap   total 89088K, used 71588K [0x00000000c7200000, 0x0000000100000000)
  region size 1024K, 25 young (25600K), 2 survivors (2048K)
 Metaspace       used 69780K, committed 70272K, reserved 1114112K
  class space    used 9153K, committed 9408K, reserved 1048576K
}
Event: 30.329 GC heap after
{Heap after GC invocations=34 (full 0):
 garbage-first heap   total 89088K, used 49098K [0x00000000c7200000, 0x0000000100000000)
  region size 1024K, 3 young (3072K), 3 survivors (3072K)
 Metaspace       used 69780K, committed 70272K, reserved 1114112K
  class space    used 9153K, committed 9408K, reserved 1048576K
}
Event: 30.715 GC heap before
{Heap before GC invocations=35 (full 0):
 garbage-first heap   total 92160K, used 71917K [0x00000000c7200000, 0x0000000100000000)
  region size 1024K, 26 young (26624K), 3 survivors (3072K)
 Metaspace       used 70062K, committed 70528K, reserved 1114112K
  class space    used 9191K, committed 9408K, reserved 1048576K
}
Event: 30.720 GC heap after
{Heap after GC invocations=36 (full 0):
 garbage-first heap   total 92160K, used 49259K [0x00000000c7200000, 0x0000000100000000)
  region size 1024K, 3 young (3072K), 3 survivors (3072K)
 Metaspace       used 70062K, committed 70528K, reserved 1114112K
  class space    used 9191K, committed 9408K, reserved 1048576K
}
Event: 30.732 GC heap before
{Heap before GC invocations=36 (full 0):
 garbage-first heap   total 92160K, used 50283K [0x00000000c7200000, 0x0000000100000000)
  region size 1024K, 4 young (4096K), 3 survivors (3072K)
 Metaspace       used 70062K, committed 70528K, reserved 1114112K
  class space    used 9191K, committed 9408K, reserved 1048576K
}
Event: 30.737 GC heap after
{Heap after GC invocations=37 (full 0):
 garbage-first heap   total 110592K, used 41685K [0x00000000c7200000, 0x0000000100000000)
  region size 1024K, 1 young (1024K), 1 survivors (1024K)
 Metaspace       used 70062K, committed 70528K, reserved 1114112K
  class space    used 9191K, committed 9408K, reserved 1048576K
}
Event: 82.664 GC heap before
{Heap before GC invocations=37 (full 0):
 garbage-first heap   total 110592K, used 86741K [0x00000000c7200000, 0x0000000100000000)
  region size 1024K, 45 young (46080K), 1 survivors (1024K)
 Metaspace       used 71418K, committed 71872K, reserved 1114112K
  class space    used 9385K, committed 9600K, reserved 1048576K
}
Event: 82.787 GC heap after
{Heap after GC invocations=38 (full 0):
 garbage-first heap   total 110592K, used 43146K [0x00000000c7200000, 0x0000000100000000)
  region size 1024K, 2 young (2048K), 2 survivors (2048K)
 Metaspace       used 71418K, committed 71872K, reserved 1114112K
  class space    used 9385K, committed 9600K, reserved 1048576K
}

