# JRE version: Java(TM) SE Runtime Environment (17.0.3.1+2) (build 17.0.3.1+2-LTS-6)
# Java VM: Java HotSpot(TM) 64-Bit Server VM (17.0.3.1+2-LTS-6, mixed mode, sharing, tiered, compressed oops, compressed class ptrs, g1 gc, windows-amd64)
GC Precious Log:
 CPUs: 8 total, 8 available
 Memory: 3638M
 Large Page Support: Disabled
 NUMA Support: Disabled
 Compressed Oops: Enabled (32-bit)
 Heap Region Size: 1M
 Heap Min Capacity: 8M
 Heap Initial Capacity: 58M
 Heap Max Capacity: 910M
 Pre-touch: Disabled
 Parallel Workers: 8
 Concurrent Workers: 2
 Concurrent Refinement Workers: 8
 Periodic GC: Disabled
Heap:
 garbage-first heap   total 108544K, used 68386K [0x00000000c7200000, 0x0000000100000000)
  region size 1024K, 28 young (28672K), 5 survivors (5120K)
 Metaspace       used 65323K, committed 65792K, reserved 1114112K
  class space    used 8316K, committed 8512K, reserved 1048576K
GC Heap History (20 events):
Event: 16.652 GC heap before
{Heap before GC invocations=18 (full 0):
 garbage-first heap   total 61440K, used 49088K [0x00000000c7200000, 0x0000000100000000)
  region size 1024K, 25 young (25600K), 2 survivors (2048K)
 Metaspace       used 52799K, committed 53184K, reserved 1097728K
  class space    used 6950K, committed 7104K, reserved 1048576K
}
Event: 16.656 GC heap after
{Heap after GC invocations=19 (full 0):
 garbage-first heap   total 61440K, used 26704K [0x00000000c7200000, 0x0000000100000000)
  region size 1024K, 4 young (4096K), 4 survivors (4096K)
 Metaspace       used 52799K, committed 53184K, reserved 1097728K
  class space    used 6950K, committed 7104K, reserved 1048576K
}
Event: 16.988 GC heap before
{Heap before GC invocations=19 (full 0):
 garbage-first heap   total 61440K, used 49232K [0x00000000c7200000, 0x0000000100000000)
  region size 1024K, 26 young (26624K), 4 survivors (4096K)
 Metaspace       used 53027K, committed 53376K, reserved 1097728K
  class space    used 6968K, committed 7168K, reserved 1048576K
}
Event: 16.996 GC heap after
{Heap after GC invocations=20 (full 0):
 garbage-first heap   total 61440K, used 27286K [0x00000000c7200000, 0x0000000100000000)
  region size 1024K, 3 young (3072K), 3 survivors (3072K)
 Metaspace       used 53027K, committed 53376K, reserved 1097728K
  class space    used 6968K, committed 7168K, reserved 1048576K
}
Event: 17.439 GC heap before
{Heap before GC invocations=20 (full 0):
 garbage-first heap   total 61440K, used 49814K [0x00000000c7200000, 0x0000000100000000)
  region size 1024K, 25 young (25600K), 3 survivors (3072K)
 Metaspace       used 54197K, committed 54528K, reserved 1097728K
  class space    used 7115K, committed 7296K, reserved 1048576K
}
Event: 17.445 GC heap after
{Heap after GC invocations=21 (full 0):
 garbage-first heap   total 61440K, used 28664K [0x00000000c7200000, 0x0000000100000000)
  region size 1024K, 4 young (4096K), 4 survivors (4096K)
 Metaspace       used 54197K, committed 54528K, reserved 1097728K
  class space    used 7115K, committed 7296K, reserved 1048576K
}
Event: 17.801 GC heap before
{Heap before GC invocations=21 (full 0):
 garbage-first heap   total 61440K, used 49144K [0x00000000c7200000, 0x0000000100000000)
  region size 1024K, 24 young (24576K), 4 survivors (4096K)
 Metaspace       used 55161K, committed 55552K, reserved 1097728K
  class space    used 7240K, committed 7424K, reserved 1048576K
}
Event: 17.807 GC heap after
{Heap after GC invocations=22 (full 0):
 garbage-first heap   total 61440K, used 29758K [0x00000000c7200000, 0x0000000100000000)
  region size 1024K, 3 young (3072K), 3 survivors (3072K)
 Metaspace       used 55161K, committed 55552K, reserved 1097728K
  class space    used 7240K, committed 7424K, reserved 1048576K
}
Event: 18.148 GC heap before
{Heap before GC invocations=22 (full 0):
 garbage-first heap   total 61440K, used 38974K [0x00000000c7200000, 0x0000000100000000)
  region size 1024K, 13 young (13312K), 3 survivors (3072K)
 Metaspace       used 56108K, committed 56512K, reserved 1105920K
  class space    used 7335K, committed 7488K, reserved 1048576K
}
Event: 18.157 GC heap after
{Heap after GC invocations=23 (full 0):
 garbage-first heap   total 61440K, used 30583K [0x00000000c7200000, 0x0000000100000000)
  region size 1024K, 2 young (2048K), 2 survivors (2048K)
 Metaspace       used 56108K, committed 56512K, reserved 1105920K
  class space    used 7335K, committed 7488K, reserved 1048576K
}
Event: 18.377 GC heap before
{Heap before GC invocations=24 (full 0):
 garbage-first heap   total 75776K, used 50039K [0x00000000c7200000, 0x0000000100000000)
  region size 1024K, 21 young (21504K), 2 survivors (2048K)
 Metaspace       used 56186K, committed 56512K, reserved 1105920K
  class space    used 7339K, committed 7488K, reserved 1048576K
}
Event: 18.388 GC heap after
{Heap after GC invocations=25 (full 0):
 garbage-first heap   total 75776K, used 34555K [0x00000000c7200000, 0x0000000100000000)
  region size 1024K, 3 young (3072K), 3 survivors (3072K)
 Metaspace       used 56186K, committed 56512K, reserved 1105920K
  class space    used 7339K, committed 7488K, reserved 1048576K
}
Event: 18.774 GC heap before
{Heap before GC invocations=25 (full 0):
 garbage-first heap   total 75776K, used 57083K [0x00000000c7200000, 0x0000000100000000)
  region size 1024K, 26 young (26624K), 3 survivors (3072K)
 Metaspace       used 56913K, committed 57344K, reserved 1105920K
  class space    used 7437K, committed 7616K, reserved 1048576K
}
Event: 18.786 GC heap after
{Heap after GC invocations=26 (full 0):
 garbage-first heap   total 108544K, used 39106K [0x00000000c7200000, 0x0000000100000000)
  region size 1024K, 4 young (4096K), 4 survivors (4096K)
 Metaspace       used 56913K, committed 57344K, reserved 1105920K
  class space    used 7437K, committed 7616K, reserved 1048576K
}
Event: 20.673 GC heap before
{Heap before GC invocations=26 (full 0):
 garbage-first heap   total 108544K, used 80066K [0x00000000c7200000, 0x0000000100000000)
  region size 1024K, 44 young (45056K), 4 survivors (4096K)
 Metaspace       used 58187K, committed 58560K, reserved 1105920K
  class space    used 7583K, committed 7744K, reserved 1048576K
}
Event: 20.684 GC heap after
{Heap after GC invocations=27 (full 0):
 garbage-first heap   total 108544K, used 41385K [0x00000000c7200000, 0x0000000100000000)
  region size 1024K, 2 young (2048K), 2 survivors (2048K)
 Metaspace       used 58187K, committed 58560K, reserved 1105920K
  class space    used 7583K, committed 7744K, reserved 1048576K
}
Event: 21.379 GC heap before
{Heap before GC invocations=27 (full 0):
 garbage-first heap   total 108544K, used 83369K [0x00000000c7200000, 0x0000000100000000)
  region size 1024K, 43 young (44032K), 2 survivors (2048K)
 Metaspace       used 58955K, committed 59328K, reserved 1105920K
  class space    used 7663K, committed 7808K, reserved 1048576K
}
Event: 21.385 GC heap after
{Heap after GC invocations=28 (full 0):
 garbage-first heap   total 108544K, used 43108K [0x00000000c7200000, 0x0000000100000000)
  region size 1024K, 4 young (4096K), 4 survivors (4096K)
 Metaspace       used 58955K, committed 59328K, reserved 1105920K
  class space    used 7663K, committed 7808K, reserved 1048576K
}
Event: 365.398 GC heap before
{Heap before GC invocations=28 (full 0):
 garbage-first heap   total 108544K, used 84068K [0x00000000c7200000, 0x0000000100000000)
  region size 1024K, 45 young (46080K), 4 survivors (4096K)
 Metaspace       used 63058K, committed 63488K, reserved 1105920K
  class space    used 8136K, committed 8320K, reserved 1048576K
}
Event: 365.674 GC heap after
{Heap after GC invocations=29 (full 0):
 garbage-first heap   total 108544K, used 45858K [0x00000000c7200000, 0x0000000100000000)
  region size 1024K, 5 young (5120K), 5 survivors (5120K)
 Metaspace       used 63058K, committed 63488K, reserved 1105920K
  class space    used 8136K, committed 8320K, reserved 1048576K
}

